<?xml version="1.0" encoding="UTF-8"?>
<!-- Generated by org.testng.reporters.JUnitXMLReporter -->
<testsuite ignored="3" hostname="LAPTOP-HHUMO6R2" failures="0" tests="1" name="Default test" time="4.948" errors="0" timestamp="2021-09-26T13:25:27 IST">
  <testcase classname="com.qa.PracticePage.PracticePageSec1Test" name="checkBoxTest" time="4.91"/>
  <testcase classname="com.qa.PracticePage.PracticePageSec1Test" name="autoSuggestionEx" time="0.0">
    <ignored/>
  </testcase> <!-- autoSuggestionEx -->
  <testcase classname="com.qa.PracticePage.PracticePageSec1Test" name="RadioButtonEx" time="0.0">
    <ignored/>
  </testcase> <!-- RadioButtonEx -->
  <testcase classname="com.qa.PracticePage.PracticePageSec1Test" name="selectDropdown" time="0.0">
    <ignored/>
  </testcase> <!-- selectDropdown -->
</testsuite> <!-- Default test -->
