<?xml version="1.0" encoding="UTF-8"?>
<!-- Generated by org.testng.reporters.JUnitXMLReporter -->
<testsuite ignored="0" hostname="LAPTOP-HHUMO6R2" failures="0" tests="3" name="Test" time="21.788" errors="0" timestamp="2021-09-25T23:19:43 IST">
  <testcase classname="com.qa.Selenium.Tests.ShopTest" name="addItemsToCart" time="12.747"/>
  <testcase classname="com.qa.Selenium.Tests.HomePageTest" name="fillFormTest" time="4.52"/>
  <testcase classname="com.qa.Selenium.Tests.HomePageTest" name="verifyShopPageTitle" time="4.436"/>
</testsuite> <!-- Test -->
