<?xml version="1.0" encoding="UTF-8"?>
<!-- Generated by org.testng.reporters.JUnitXMLReporter -->
<testsuite ignored="0" hostname="LAPTOP-HHUMO6R2" failures="0" tests="3" name="Test" time="16.35" errors="0" timestamp="2021-09-29T21:18:47 IST">
  <testcase classname="com.qa.Selenium.Tests.ShopTest" name="addItemsToCart" time="9.054"/>
  <testcase classname="com.qa.Selenium.Tests.HomePageTest" name="fillFormTest" time="2.564"/>
  <testcase classname="com.qa.Selenium.Tests.HomePageTest" name="verifyShopPageTitle" time="2.607"/>
</testsuite> <!-- Test -->
