<?xml version="1.0" encoding="UTF-8"?>
<testng-results ignored="0" total="3" passed="3" failed="0" skipped="0">
  <reporter-output>
  </reporter-output>
  <suite started-at="2021-09-29T20:45:00 IST" name="Suite" finished-at="2021-09-29T20:45:18 IST" duration-ms="17724">
    <groups>
    </groups>
    <test started-at="2021-09-29T20:45:00 IST" name="Test" finished-at="2021-09-29T20:45:18 IST" duration-ms="17724">
      <class name="com.qa.Selenium.Tests.ShopTest">
        <test-method signature="addItemsToCart()[pri:0, instance:com.qa.Selenium.Tests.ShopTest@701fc37a]" started-at="2021-09-29T20:45:00 IST" name="addItemsToCart" finished-at="2021-09-29T20:45:10 IST" duration-ms="10063" status="PASS">
          <reporter-output>
          </reporter-output>
        </test-method> <!-- addItemsToCart -->
        <test-method is-config="true" signature="quitBrowser()[pri:0, instance:com.qa.Selenium.Tests.ShopTest@701fc37a]" started-at="2021-09-29T20:45:10 IST" name="quitBrowser" finished-at="2021-09-29T20:45:11 IST" duration-ms="729" status="PASS">
          <reporter-output>
          </reporter-output>
        </test-method> <!-- quitBrowser -->
      </class> <!-- com.qa.Selenium.Tests.ShopTest -->
      <class name="com.qa.Selenium.Tests.HomePageTest">
        <test-method signature="fillFormTest()[pri:0, instance:com.qa.Selenium.Tests.HomePageTest@ba8d91c]" started-at="2021-09-29T20:45:11 IST" name="fillFormTest" finished-at="2021-09-29T20:45:14 IST" duration-ms="2867" status="PASS">
          <reporter-output>
          </reporter-output>
        </test-method> <!-- fillFormTest -->
        <test-method is-config="true" signature="quitBrowser()[pri:0, instance:com.qa.Selenium.Tests.HomePageTest@ba8d91c]" started-at="2021-09-29T20:45:14 IST" name="quitBrowser" finished-at="2021-09-29T20:45:15 IST" duration-ms="693" status="PASS">
          <reporter-output>
          </reporter-output>
        </test-method> <!-- quitBrowser -->
        <test-method signature="verifyShopPageTitle()[pri:0, instance:com.qa.Selenium.Tests.HomePageTest@ba8d91c]" started-at="2021-09-29T20:45:15 IST" name="verifyShopPageTitle" finished-at="2021-09-29T20:45:17 IST" duration-ms="2618" status="PASS">
          <reporter-output>
          </reporter-output>
        </test-method> <!-- verifyShopPageTitle -->
        <test-method is-config="true" signature="quitBrowser()[pri:0, instance:com.qa.Selenium.Tests.HomePageTest@ba8d91c]" started-at="2021-09-29T20:45:17 IST" name="quitBrowser" finished-at="2021-09-29T20:45:18 IST" duration-ms="694" status="PASS">
          <reporter-output>
          </reporter-output>
        </test-method> <!-- quitBrowser -->
      </class> <!-- com.qa.Selenium.Tests.HomePageTest -->
    </test> <!-- Test -->
  </suite> <!-- Suite -->
</testng-results>
