<?xml version="1.0" encoding="UTF-8"?>
<testng-results ignored="0" total="3" passed="3" failed="0" skipped="0">
  <reporter-output>
  </reporter-output>
  <suite started-at="2021-09-29T21:18:31 IST" name="Suite" finished-at="2021-09-29T21:18:47 IST" duration-ms="16350">
    <groups>
    </groups>
    <test started-at="2021-09-29T21:18:31 IST" name="Test" finished-at="2021-09-29T21:18:47 IST" duration-ms="16350">
      <class name="com.qa.Selenium.Tests.ShopTest">
        <test-method signature="addItemsToCart()[pri:0, instance:com.qa.Selenium.Tests.ShopTest@701fc37a]" started-at="2021-09-29T21:18:31 IST" name="addItemsToCart" finished-at="2021-09-29T21:18:40 IST" duration-ms="9054" status="PASS">
          <reporter-output>
          </reporter-output>
        </test-method> <!-- addItemsToCart -->
        <test-method is-config="true" signature="quitBrowser()[pri:0, instance:com.qa.Selenium.Tests.ShopTest@701fc37a]" started-at="2021-09-29T21:18:40 IST" name="quitBrowser" finished-at="2021-09-29T21:18:40 IST" duration-ms="681" status="PASS">
          <reporter-output>
          </reporter-output>
        </test-method> <!-- quitBrowser -->
      </class> <!-- com.qa.Selenium.Tests.ShopTest -->
      <class name="com.qa.Selenium.Tests.HomePageTest">
        <test-method signature="fillFormTest()[pri:0, instance:com.qa.Selenium.Tests.HomePageTest@6b1274d2]" started-at="2021-09-29T21:18:40 IST" name="fillFormTest" finished-at="2021-09-29T21:18:43 IST" duration-ms="2564" status="PASS">
          <reporter-output>
          </reporter-output>
        </test-method> <!-- fillFormTest -->
        <test-method is-config="true" signature="quitBrowser()[pri:0, instance:com.qa.Selenium.Tests.HomePageTest@6b1274d2]" started-at="2021-09-29T21:18:43 IST" name="quitBrowser" finished-at="2021-09-29T21:18:44 IST" duration-ms="690" status="PASS">
          <reporter-output>
          </reporter-output>
        </test-method> <!-- quitBrowser -->
        <test-method signature="verifyShopPageTitle()[pri:0, instance:com.qa.Selenium.Tests.HomePageTest@6b1274d2]" started-at="2021-09-29T21:18:44 IST" name="verifyShopPageTitle" finished-at="2021-09-29T21:18:46 IST" duration-ms="2607" status="PASS">
          <reporter-output>
          </reporter-output>
        </test-method> <!-- verifyShopPageTitle -->
        <test-method is-config="true" signature="quitBrowser()[pri:0, instance:com.qa.Selenium.Tests.HomePageTest@6b1274d2]" started-at="2021-09-29T21:18:46 IST" name="quitBrowser" finished-at="2021-09-29T21:18:47 IST" duration-ms="706" status="PASS">
          <reporter-output>
          </reporter-output>
        </test-method> <!-- quitBrowser -->
      </class> <!-- com.qa.Selenium.Tests.HomePageTest -->
    </test> <!-- Test -->
  </suite> <!-- Suite -->
</testng-results>
