<?xml version="1.0" encoding="UTF-8"?>
<testng-results ignored="0" total="1" passed="1" failed="0" skipped="0">
  <reporter-output>
  </reporter-output>
  <suite started-at="2021-09-29T20:59:09 IST" name="Default suite" finished-at="2021-09-29T20:59:20 IST" duration-ms="10733">
    <groups>
    </groups>
    <test started-at="2021-09-29T20:59:09 IST" name="Default test" finished-at="2021-09-29T20:59:20 IST" duration-ms="10733">
      <class name="com.qa.Selenium.Tests.ShopTest">
        <test-method signature="addItemsToCart()[pri:0, instance:com.qa.Selenium.Tests.ShopTest@6a84a97d]" started-at="2021-09-29T20:59:09 IST" name="addItemsToCart" finished-at="2021-09-29T20:59:19 IST" duration-ms="9887" status="PASS">
          <reporter-output>
          </reporter-output>
        </test-method> <!-- addItemsToCart -->
        <test-method is-config="true" signature="quitBrowser()[pri:0, instance:com.qa.Selenium.Tests.ShopTest@6a84a97d]" started-at="2021-09-29T20:59:19 IST" name="quitBrowser" finished-at="2021-09-29T20:59:20 IST" duration-ms="787" status="PASS">
          <reporter-output>
          </reporter-output>
        </test-method> <!-- quitBrowser -->
      </class> <!-- com.qa.Selenium.Tests.ShopTest -->
    </test> <!-- Default test -->
  </suite> <!-- Default suite -->
</testng-results>
