<?xml version="1.0" encoding="UTF-8"?>
<testng-results ignored="0" total="1" passed="1" failed="0" skipped="0">
  <reporter-output>
  </reporter-output>
  <suite started-at="2021-10-06T21:47:20 IST" name="Default suite" finished-at="2021-10-06T21:47:26 IST" duration-ms="6270">
    <groups>
    </groups>
    <test started-at="2021-10-06T21:47:20 IST" name="Default test" finished-at="2021-10-06T21:47:26 IST" duration-ms="6270">
      <class name="com.qa.TestingPart.ChildWindow">
        <test-method signature="window()[pri:0, instance:com.qa.TestingPart.ChildWindow@d29f28]" started-at="2021-10-06T21:47:20 IST" name="window" finished-at="2021-10-06T21:47:26 IST" duration-ms="6193" status="PASS">
          <reporter-output>
          </reporter-output>
        </test-method> <!-- window -->
      </class> <!-- com.qa.TestingPart.ChildWindow -->
    </test> <!-- Default test -->
  </suite> <!-- Default suite -->
</testng-results>
